f:\data\javasoft\source\repos\aliyun_oss_c_sdk_v3.0.0\oss_c_sdk\release\oss_c_sdk.pdb
f:\data\javasoft\source\repos\aliyun_oss_c_sdk_v3.0.0\oss_c_sdk\release\oss_xml.obj
f:\data\javasoft\source\repos\aliyun_oss_c_sdk_v3.0.0\oss_c_sdk\release\oss_util.obj
f:\data\javasoft\source\repos\aliyun_oss_c_sdk_v3.0.0\oss_c_sdk\release\oss_object.obj
f:\data\javasoft\source\repos\aliyun_oss_c_sdk_v3.0.0\oss_c_sdk\release\oss_multipart.obj
f:\data\javasoft\source\repos\aliyun_oss_c_sdk_v3.0.0\oss_c_sdk\release\oss_define.obj
f:\data\javasoft\source\repos\aliyun_oss_c_sdk_v3.0.0\oss_c_sdk\release\oss_bucket.obj
f:\data\javasoft\source\repos\aliyun_oss_c_sdk_v3.0.0\oss_c_sdk\release\oss_auth.obj
f:\data\javasoft\source\repos\aliyun_oss_c_sdk_v3.0.0\oss_c_sdk\release\aos_util.obj
f:\data\javasoft\source\repos\aliyun_oss_c_sdk_v3.0.0\oss_c_sdk\release\aos_transport.obj
f:\data\javasoft\source\repos\aliyun_oss_c_sdk_v3.0.0\oss_c_sdk\release\aos_string.obj
f:\data\javasoft\source\repos\aliyun_oss_c_sdk_v3.0.0\oss_c_sdk\release\aos_status.obj
f:\data\javasoft\source\repos\aliyun_oss_c_sdk_v3.0.0\oss_c_sdk\release\aos_log.obj
f:\data\javasoft\source\repos\aliyun_oss_c_sdk_v3.0.0\oss_c_sdk\release\aos_http_io.obj
f:\data\javasoft\source\repos\aliyun_oss_c_sdk_v3.0.0\oss_c_sdk\release\aos_fstack.obj
f:\data\javasoft\source\repos\aliyun_oss_c_sdk_v3.0.0\oss_c_sdk\release\aos_buf.obj
f:\data\javasoft\source\repos\aliyun_oss_c_sdk_v3.0.0\release\oss_c_sdk.lib
f:\data\javasoft\source\repos\aliyun_oss_c_sdk_v3.0.0\oss_c_sdk\release\oss_c_sdk.tlog\cl.command.1.tlog
f:\data\javasoft\source\repos\aliyun_oss_c_sdk_v3.0.0\oss_c_sdk\release\oss_c_sdk.tlog\cl.read.1.tlog
f:\data\javasoft\source\repos\aliyun_oss_c_sdk_v3.0.0\oss_c_sdk\release\oss_c_sdk.tlog\cl.write.1.tlog
f:\data\javasoft\source\repos\aliyun_oss_c_sdk_v3.0.0\oss_c_sdk\release\oss_c_sdk.tlog\lib-link.read.1.tlog
f:\data\javasoft\source\repos\aliyun_oss_c_sdk_v3.0.0\oss_c_sdk\release\oss_c_sdk.tlog\lib-link.write.1.tlog
f:\data\javasoft\source\repos\aliyun_oss_c_sdk_v3.0.0\oss_c_sdk\release\oss_c_sdk.tlog\lib.command.1.tlog
