  oss_xml.c
  oss_util.c
  oss_object.c
  oss_multipart.c
  oss_define.c
  oss_bucket.c
  oss_auth.c
  aos_util.c
  aos_transport.c
  aos_string.c
  aos_status.c
  aos_log.c
  aos_http_io.c
  aos_fstack.c
  aos_buf.c
  正在生成代码...
libaprutil-1.lib(libaprutil-1.dll) : warning LNK4006: __NULL_IMPORT_DESCRIPTOR 已在 libapr-1.lib(libapr-1.dll) 中定义；已忽略第二个定义
libaprutil-1.lib(libaprutil-1.dll) : warning LNK4221: 此对象文件未定义任何之前未定义的公共符号，因此任何耗用此库的链接操作都不会使用此文件
curl.lib(libcurl.dll) : warning LNK4006: __NULL_IMPORT_DESCRIPTOR 已在 libapr-1.lib(libapr-1.dll) 中定义；已忽略第二个定义
curl.lib(libcurl.dll) : warning LNK4221: 此对象文件未定义任何之前未定义的公共符号，因此任何耗用此库的链接操作都不会使用此文件
mxml1.lib(MXML1.dll) : warning LNK4006: __NULL_IMPORT_DESCRIPTOR 已在 libapr-1.lib(libapr-1.dll) 中定义；已忽略第二个定义
mxml1.lib(MXML1.dll) : warning LNK4221: 此对象文件未定义任何之前未定义的公共符号，因此任何耗用此库的链接操作都不会使用此文件
  oss_c_sdk.vcxproj -> F:\data\JavaSoft\Source\Repos\aliyun_oss_c_sdk_v3.0.0\Debug\oss_c_sdk.lib
